g:\desktop\duilib-master\duilib-master\duilib-master\duilib-master\duilib\build\debug_u\duilib.pch
g:\desktop\duilib-master\duilib-master\duilib-master\duilib-master\duilib\build\debug_u\vc140.pdb
g:\desktop\duilib-master\duilib-master\duilib-master\duilib-master\duilib\build\debug_u\vc140.idb
g:\desktop\duilib-master\duilib-master\duilib-master\duilib-master\duilib\build\debug_u\stdafx.obj
g:\desktop\duilib-master\duilib-master\duilib-master\duilib-master\duilib\build\debug_u\uislider.obj
g:\desktop\duilib-master\duilib-master\duilib-master\duilib-master\duilib\build\debug_u\uitext.obj
g:\desktop\duilib-master\duilib-master\duilib-master\duilib-master\duilib\build\debug_u\uitreeview.obj
g:\desktop\duilib-master\duilib-master\duilib-master\duilib-master\duilib\build\debug_u\uiwebbrowser.obj
g:\desktop\duilib-master\duilib-master\duilib-master\duilib-master\duilib\build\debug_u\uibase.obj
g:\desktop\duilib-master\duilib-master\duilib-master\duilib-master\duilib\build\debug_u\uicontainer.obj
g:\desktop\duilib-master\duilib-master\duilib-master\duilib-master\duilib\build\debug_u\uicontrol.obj
g:\desktop\duilib-master\duilib-master\duilib-master\duilib-master\duilib\build\debug_u\uidlgbuilder.obj
g:\desktop\duilib-master\duilib-master\duilib-master\duilib-master\duilib\build\debug_u\uimanager.obj
g:\desktop\duilib-master\duilib-master\duilib-master\duilib-master\duilib\build\debug_u\uimarkup.obj
g:\desktop\duilib-master\duilib-master\duilib-master\duilib-master\duilib\build\debug_u\uirender.obj
g:\desktop\duilib-master\duilib-master\duilib-master\duilib-master\duilib\build\debug_u\uichildlayout.obj
g:\desktop\duilib-master\duilib-master\duilib-master\duilib-master\duilib\build\debug_u\uihorizontallayout.obj
g:\desktop\duilib-master\duilib-master\duilib-master\duilib-master\duilib\build\debug_u\uitablayout.obj
g:\desktop\duilib-master\duilib-master\duilib-master\duilib-master\duilib\build\debug_u\uitilelayout.obj
g:\desktop\duilib-master\duilib-master\duilib-master\duilib-master\duilib\build\debug_u\uiverticallayout.obj
g:\desktop\duilib-master\duilib-master\duilib-master\duilib-master\duilib\build\debug_u\uilib.obj
g:\desktop\duilib-master\duilib-master\duilib-master\duilib-master\duilib\build\debug_u\uidelegate.obj
g:\desktop\duilib-master\duilib-master\duilib-master\duilib-master\duilib\build\debug_u\utils.obj
g:\desktop\duilib-master\duilib-master\duilib-master\duilib-master\duilib\build\debug_u\winimplbase.obj
g:\desktop\duilib-master\duilib-master\duilib-master\duilib-master\duilib\build\debug_u\uiactivex.obj
g:\desktop\duilib-master\duilib-master\duilib-master\duilib-master\duilib\build\debug_u\uibutton.obj
g:\desktop\duilib-master\duilib-master\duilib-master\duilib-master\duilib\build\debug_u\uicheckbox.obj
g:\desktop\duilib-master\duilib-master\duilib-master\duilib-master\duilib\build\debug_u\uicombo.obj
g:\desktop\duilib-master\duilib-master\duilib-master\duilib-master\duilib\build\debug_u\uicombobox.obj
g:\desktop\duilib-master\duilib-master\duilib-master\duilib-master\duilib\build\debug_u\uidatetime.obj
g:\desktop\duilib-master\duilib-master\duilib-master\duilib-master\duilib\build\debug_u\uiedit.obj
g:\desktop\duilib-master\duilib-master\duilib-master\duilib-master\duilib\build\debug_u\uilabel.obj
g:\desktop\duilib-master\duilib-master\duilib-master\duilib-master\duilib\build\debug_u\uilist.obj
g:\desktop\duilib-master\duilib-master\duilib-master\duilib-master\duilib\build\debug_u\uioption.obj
g:\desktop\duilib-master\duilib-master\duilib-master\duilib-master\duilib\build\debug_u\uiprogress.obj
g:\desktop\duilib-master\duilib-master\duilib-master\duilib-master\duilib\build\debug_u\uirichedit.obj
g:\desktop\duilib-master\duilib-master\duilib-master\duilib-master\duilib\build\debug_u\uiscrollbar.obj
g:\desktop\duilib-master\duilib-master\duilib-master\duilib-master\duilib\build\debug_u\stb_image.obj
g:\desktop\duilib-master\duilib-master\duilib-master\duilib-master\duilib\build\debug_u\xunzip.obj
g:\desktop\duilib-master\duilib-master\duilib-master\duilib-master\lib\duilib_ud.lib
g:\desktop\duilib-master\duilib-master\duilib-master\duilib-master\lib\duilib_ud.exp
g:\desktop\duilib-master\duilib-master\duilib-master\duilib-master\bin\duilib_ud.dll
g:\desktop\duilib-master\duilib-master\duilib-master\duilib-master\duilib\build\debug_u\duilib.pdb
g:\desktop\duilib-master\duilib-master\duilib-master\duilib-master\duilib\build\debug_u\duilib.tlog\cl.command.1.tlog
g:\desktop\duilib-master\duilib-master\duilib-master\duilib-master\duilib\build\debug_u\duilib.tlog\cl.read.1.tlog
g:\desktop\duilib-master\duilib-master\duilib-master\duilib-master\duilib\build\debug_u\duilib.tlog\cl.write.1.tlog
g:\desktop\duilib-master\duilib-master\duilib-master\duilib-master\duilib\build\debug_u\duilib.tlog\duilib.write.1u.tlog
g:\desktop\duilib-master\duilib-master\duilib-master\duilib-master\duilib\build\debug_u\duilib.tlog\link.command.1.tlog
g:\desktop\duilib-master\duilib-master\duilib-master\duilib-master\duilib\build\debug_u\duilib.tlog\link.read.1.tlog
g:\desktop\duilib-master\duilib-master\duilib-master\duilib-master\duilib\build\debug_u\duilib.tlog\link.write.1.tlog
