g:\desktop\duilib-master\duilib-master\duilib-master\duilib-master\duilib\build\debug\duilib.pch
g:\desktop\duilib-master\duilib-master\duilib-master\duilib-master\duilib\x64\debug\vc140.pdb
g:\desktop\duilib-master\duilib-master\duilib-master\duilib-master\duilib\x64\debug\stdafx.obj
g:\desktop\duilib-master\duilib-master\duilib-master\duilib-master\duilib\x64\debug\uicontrol.obj
g:\desktop\duilib-master\duilib-master\duilib-master\duilib-master\duilib\x64\debug\uicontainer.obj
g:\desktop\duilib-master\duilib-master\duilib-master\duilib-master\duilib\x64\debug\uibase.obj
g:\desktop\duilib-master\duilib-master\duilib-master\duilib-master\duilib\x64\debug\uiwebbrowser.obj
g:\desktop\duilib-master\duilib-master\duilib-master\duilib-master\duilib\x64\debug\uitreeview.obj
g:\desktop\duilib-master\duilib-master\duilib-master\duilib-master\duilib\x64\debug\uitext.obj
g:\desktop\duilib-master\duilib-master\duilib-master\duilib-master\duilib\x64\debug\uislider.obj
g:\desktop\duilib-master\duilib-master\duilib-master\duilib-master\duilib\x64\debug\uiscrollbar.obj
g:\desktop\duilib-master\duilib-master\duilib-master\duilib-master\duilib\x64\debug\uirichedit.obj
g:\desktop\duilib-master\duilib-master\duilib-master\duilib-master\duilib\x64\debug\uiprogress.obj
g:\desktop\duilib-master\duilib-master\duilib-master\duilib-master\duilib\x64\debug\uioption.obj
g:\desktop\duilib-master\duilib-master\duilib-master\duilib-master\duilib\x64\debug\uilist.obj
g:\desktop\duilib-master\duilib-master\duilib-master\duilib-master\duilib\x64\debug\uilabel.obj
g:\desktop\duilib-master\duilib-master\duilib-master\duilib-master\duilib\x64\debug\uiedit.obj
g:\desktop\duilib-master\duilib-master\duilib-master\duilib-master\duilib\x64\debug\uidatetime.obj
g:\desktop\duilib-master\duilib-master\duilib-master\duilib-master\duilib\x64\debug\uicombobox.obj
g:\desktop\duilib-master\duilib-master\duilib-master\duilib-master\duilib\x64\debug\uicombo.obj
g:\desktop\duilib-master\duilib-master\duilib-master\duilib-master\duilib\x64\debug\uicheckbox.obj
g:\desktop\duilib-master\duilib-master\duilib-master\duilib-master\duilib\x64\debug\uibutton.obj
g:\desktop\duilib-master\duilib-master\duilib-master\duilib-master\duilib\x64\debug\uiactivex.obj
g:\desktop\duilib-master\duilib-master\duilib-master\duilib-master\duilib\x64\debug\winimplbase.obj
g:\desktop\duilib-master\duilib-master\duilib-master\duilib-master\duilib\x64\debug\utils.obj
g:\desktop\duilib-master\duilib-master\duilib-master\duilib-master\duilib\x64\debug\uidelegate.obj
g:\desktop\duilib-master\duilib-master\duilib-master\duilib-master\duilib\x64\debug\uilib.obj
g:\desktop\duilib-master\duilib-master\duilib-master\duilib-master\duilib\x64\debug\uiverticallayout.obj
g:\desktop\duilib-master\duilib-master\duilib-master\duilib-master\duilib\x64\debug\uitilelayout.obj
g:\desktop\duilib-master\duilib-master\duilib-master\duilib-master\duilib\x64\debug\uitablayout.obj
g:\desktop\duilib-master\duilib-master\duilib-master\duilib-master\duilib\x64\debug\uihorizontallayout.obj
g:\desktop\duilib-master\duilib-master\duilib-master\duilib-master\duilib\x64\debug\uichildlayout.obj
g:\desktop\duilib-master\duilib-master\duilib-master\duilib-master\duilib\x64\debug\uirender.obj
g:\desktop\duilib-master\duilib-master\duilib-master\duilib-master\duilib\x64\debug\uimarkup.obj
g:\desktop\duilib-master\duilib-master\duilib-master\duilib-master\duilib\x64\debug\uimanager.obj
g:\desktop\duilib-master\duilib-master\duilib-master\duilib-master\duilib\x64\debug\uidlgbuilder.obj
g:\desktop\duilib-master\duilib-master\duilib-master\duilib-master\duilib\x64\debug\stb_image.obj
g:\desktop\duilib-master\duilib-master\duilib-master\duilib-master\duilib\x64\debug\xunzip.obj
g:\desktop\duilib-master\duilib-master\duilib-master\duilib-master\lib\duilib_d.lib
g:\desktop\duilib-master\duilib-master\duilib-master\duilib-master\lib\duilib_d.exp
g:\desktop\duilib-master\duilib-master\duilib-master\duilib-master\bin\duilib_d.dll
g:\desktop\duilib-master\duilib-master\duilib-master\duilib-master\x64\debug\duilib.pdb
g:\desktop\duilib-master\duilib-master\duilib-master\duilib-master\duilib\x64\debug\duilib.tlog\cl.command.1.tlog
g:\desktop\duilib-master\duilib-master\duilib-master\duilib-master\duilib\x64\debug\duilib.tlog\cl.read.1.tlog
g:\desktop\duilib-master\duilib-master\duilib-master\duilib-master\duilib\x64\debug\duilib.tlog\cl.write.1.tlog
g:\desktop\duilib-master\duilib-master\duilib-master\duilib-master\duilib\x64\debug\duilib.tlog\duilib.write.1u.tlog
g:\desktop\duilib-master\duilib-master\duilib-master\duilib-master\duilib\x64\debug\duilib.tlog\link.command.1.tlog
g:\desktop\duilib-master\duilib-master\duilib-master\duilib-master\duilib\x64\debug\duilib.tlog\link.read.1.tlog
g:\desktop\duilib-master\duilib-master\duilib-master\duilib-master\duilib\x64\debug\duilib.tlog\link.write.1.tlog
