g:\desktop\duilib-master\duilib-master\duilib-master\duilib-master\duilib\build\release_u\duilib.pch
g:\desktop\duilib-master\duilib-master\duilib-master\duilib-master\duilib\build\release_u\vc140.pdb
g:\desktop\duilib-master\duilib-master\duilib-master\duilib-master\duilib\build\release_u\stdafx.obj
g:\desktop\duilib-master\duilib-master\duilib-master\duilib-master\duilib\build\release_u\uicontrol.obj
g:\desktop\duilib-master\duilib-master\duilib-master\duilib-master\duilib\build\release_u\uicontainer.obj
g:\desktop\duilib-master\duilib-master\duilib-master\duilib-master\duilib\build\release_u\uibase.obj
g:\desktop\duilib-master\duilib-master\duilib-master\duilib-master\duilib\build\release_u\uiwebbrowser.obj
g:\desktop\duilib-master\duilib-master\duilib-master\duilib-master\duilib\build\release_u\uitreeview.obj
g:\desktop\duilib-master\duilib-master\duilib-master\duilib-master\duilib\build\release_u\uitext.obj
g:\desktop\duilib-master\duilib-master\duilib-master\duilib-master\duilib\build\release_u\uislider.obj
g:\desktop\duilib-master\duilib-master\duilib-master\duilib-master\duilib\build\release_u\uiscrollbar.obj
g:\desktop\duilib-master\duilib-master\duilib-master\duilib-master\duilib\build\release_u\uirichedit.obj
g:\desktop\duilib-master\duilib-master\duilib-master\duilib-master\duilib\build\release_u\uiprogress.obj
g:\desktop\duilib-master\duilib-master\duilib-master\duilib-master\duilib\build\release_u\uioption.obj
g:\desktop\duilib-master\duilib-master\duilib-master\duilib-master\duilib\build\release_u\uilist.obj
g:\desktop\duilib-master\duilib-master\duilib-master\duilib-master\duilib\build\release_u\uilabel.obj
g:\desktop\duilib-master\duilib-master\duilib-master\duilib-master\duilib\build\release_u\uiedit.obj
g:\desktop\duilib-master\duilib-master\duilib-master\duilib-master\duilib\build\release_u\uidatetime.obj
g:\desktop\duilib-master\duilib-master\duilib-master\duilib-master\duilib\build\release_u\uicombobox.obj
g:\desktop\duilib-master\duilib-master\duilib-master\duilib-master\duilib\build\release_u\uicombo.obj
g:\desktop\duilib-master\duilib-master\duilib-master\duilib-master\duilib\build\release_u\uicheckbox.obj
g:\desktop\duilib-master\duilib-master\duilib-master\duilib-master\duilib\build\release_u\uibutton.obj
g:\desktop\duilib-master\duilib-master\duilib-master\duilib-master\duilib\build\release_u\uiactivex.obj
g:\desktop\duilib-master\duilib-master\duilib-master\duilib-master\duilib\build\release_u\winimplbase.obj
g:\desktop\duilib-master\duilib-master\duilib-master\duilib-master\duilib\build\release_u\utils.obj
g:\desktop\duilib-master\duilib-master\duilib-master\duilib-master\duilib\build\release_u\uidelegate.obj
g:\desktop\duilib-master\duilib-master\duilib-master\duilib-master\duilib\build\release_u\uilib.obj
g:\desktop\duilib-master\duilib-master\duilib-master\duilib-master\duilib\build\release_u\uiverticallayout.obj
g:\desktop\duilib-master\duilib-master\duilib-master\duilib-master\duilib\build\release_u\uitilelayout.obj
g:\desktop\duilib-master\duilib-master\duilib-master\duilib-master\duilib\build\release_u\uitablayout.obj
g:\desktop\duilib-master\duilib-master\duilib-master\duilib-master\duilib\build\release_u\uihorizontallayout.obj
g:\desktop\duilib-master\duilib-master\duilib-master\duilib-master\duilib\build\release_u\uichildlayout.obj
g:\desktop\duilib-master\duilib-master\duilib-master\duilib-master\duilib\build\release_u\uirender.obj
g:\desktop\duilib-master\duilib-master\duilib-master\duilib-master\duilib\build\release_u\uimarkup.obj
g:\desktop\duilib-master\duilib-master\duilib-master\duilib-master\duilib\build\release_u\uimanager.obj
g:\desktop\duilib-master\duilib-master\duilib-master\duilib-master\duilib\build\release_u\uidlgbuilder.obj
g:\desktop\duilib-master\duilib-master\duilib-master\duilib-master\duilib\build\release_u\stb_image.obj
g:\desktop\duilib-master\duilib-master\duilib-master\duilib-master\duilib\build\release_u\xunzip.obj
g:\desktop\duilib-master\duilib-master\duilib-master\duilib-master\lib\duilib_u.lib
g:\desktop\duilib-master\duilib-master\duilib-master\duilib-master\lib\duilib_u.exp
g:\desktop\duilib-master\duilib-master\duilib-master\duilib-master\bin\duilib_u.dll
g:\desktop\duilib-master\duilib-master\duilib-master\duilib-master\duilib\build\release_u\duilib.pdb
g:\desktop\duilib-master\duilib-master\duilib-master\duilib-master\duilib\build\release_u\duilib.tlog\cl.command.1.tlog
g:\desktop\duilib-master\duilib-master\duilib-master\duilib-master\duilib\build\release_u\duilib.tlog\cl.read.1.tlog
g:\desktop\duilib-master\duilib-master\duilib-master\duilib-master\duilib\build\release_u\duilib.tlog\cl.write.1.tlog
g:\desktop\duilib-master\duilib-master\duilib-master\duilib-master\duilib\build\release_u\duilib.tlog\duilib.write.1u.tlog
g:\desktop\duilib-master\duilib-master\duilib-master\duilib-master\duilib\build\release_u\duilib.tlog\link.command.1.tlog
g:\desktop\duilib-master\duilib-master\duilib-master\duilib-master\duilib\build\release_u\duilib.tlog\link.read.1.tlog
g:\desktop\duilib-master\duilib-master\duilib-master\duilib-master\duilib\build\release_u\duilib.tlog\link.write.1.tlog
